{"level":"info","message":"MongoDb подключенна","label":"D:\\node_test\\nub_node\\server.js","timestamp":"2018-03-04T14:51:58.996Z"}
{"level":"info","message":"MongoDb подключенна","label":"D:\\node_test\\nub_node\\server.js","timestamp":"2018-03-04T14:52:00.023Z"}
{"level":"info","message":"MongoDb подключенна","label":"D:\\node_test\\nub_node\\server.js","timestamp":"2018-03-04T14:52:01.061Z"}
{"level":"info","message":"MongoDb подключенна","label":"D:\\node_test\\nub_node\\server.js","timestamp":"2018-03-04T14:52:02.088Z"}
{"level":"info","message":"MongoDb подключенна","label":"D:\\node_test\\nub_node\\server.js","timestamp":"2018-03-04T14:52:03.116Z"}
{"level":"info","message":"MongoDb подключенна","label":"D:\\node_test\\nub_node\\server.js","timestamp":"2018-03-04T14:52:04.160Z"}
{"level":"info","message":"MongoDb подключенна","label":"D:\\node_test\\nub_node\\server.js","timestamp":"2018-03-04T14:52:05.211Z"}
{"level":"info","message":"MongoDb подключенна","label":"D:\\node_test\\nub_node\\server.js","timestamp":"2018-03-04T14:52:06.251Z"}
{"level":"info","message":"MongoDb подключенна","label":"D:\\node_test\\nub_node\\server.js","timestamp":"2018-03-04T14:52:07.281Z"}
{"level":"info","message":"MongoDb подключенна","label":"D:\\node_test\\nub_node\\server.js","timestamp":"2018-03-04T14:52:08.308Z"}
{"level":"info","message":"MongoDb подключенна","label":"D:\\node_test\\nub_node\\server.js","timestamp":"2018-03-04T14:56:42.521Z"}
{"level":"info","message":"Сервер стартовал по порту - 8080 со своим ДЕМОНОМ!!","label":"D:\\node_test\\nub_node\\server.js","timestamp":"2018-03-04T14:56:42.545Z"}
{"level":"info","message":"MongoDb подключенна","label":"nub_node/server.js","timestamp":"2018-03-05T07:40:07.912Z"}
{"level":"info","message":"Сервер стартовал по порту - 8080 со своим ДЕМОНОМ!!","label":"nub_node/server.js","timestamp":"2018-03-05T07:40:07.950Z"}
{"level":"info","message":"MongoDb подключенна","label":"nub_node/server.js","timestamp":"2018-03-05T07:46:36.665Z"}
{"level":"info","message":"Сервер стартовал по порту - 8080 со своим ДЕМОНОМ!!","label":"nub_node/server.js","timestamp":"2018-03-05T07:46:36.697Z"}
{"level":"info","message":"MongoDb подключенна","label":"nub_node/server.js","timestamp":"2018-03-05T07:46:39.344Z"}
{"level":"info","message":"Сервер стартовал по порту - 8080 со своим ДЕМОНОМ!!","label":"nub_node/server.js","timestamp":"2018-03-05T07:46:39.384Z"}
{"message":"User validation failed: email: Path `email` is required.","errors":{"email":{"message":"Path `email` is required.","name":"ValidatorError","properties":{"type":"required","message":"Path `{PATH}` is required.","path":"email"},"kind":"required","path":"email","$isValidatorError":true}},"_message":"User validation failed","stack":"ValidationError: User validation failed: email: Path `email` is required.\n    at new ValidationError (/var/www/nub_node/node_modules/mongoose/lib/error/validation.js:28:11)\n    at model.Document.invalidate (/var/www/nub_node/node_modules/mongoose/lib/document.js:1675:32)\n    at /var/www/nub_node/node_modules/mongoose/lib/document.js:1547:17\n    at validate (/var/www/nub_node/node_modules/mongoose/lib/schematype.js:784:7)\n    at /var/www/nub_node/node_modules/mongoose/lib/schematype.js:829:11\n    at Array.forEach (<anonymous>)\n    at SchemaString.SchemaType.doValidate (/var/www/nub_node/node_modules/mongoose/lib/schematype.js:789:19)\n    at /var/www/nub_node/node_modules/mongoose/lib/document.js:1545:9\n    at _combinedTickCallback (internal/process/next_tick.js:131:7)\n    at process._tickCallback (internal/process/next_tick.js:180:9)","name":"ValidationError","level":"error","label":"router/router.js","timestamp":"2018-03-05T07:51:40.878Z"}
{"level":"info","message":"Пользователь Roman добавленн в базу данных","label":"router/router.js","timestamp":"2018-03-05T07:51:40.878Z"}
{"message":"User validation failed: email: Path `email` is required.","errors":{"email":{"message":"Path `email` is required.","name":"ValidatorError","properties":{"type":"required","message":"Path `{PATH}` is required.","path":"email"},"kind":"required","path":"email","$isValidatorError":true}},"_message":"User validation failed","stack":"ValidationError: User validation failed: email: Path `email` is required.\n    at new ValidationError (/var/www/nub_node/node_modules/mongoose/lib/error/validation.js:28:11)\n    at model.Document.invalidate (/var/www/nub_node/node_modules/mongoose/lib/document.js:1675:32)\n    at /var/www/nub_node/node_modules/mongoose/lib/document.js:1547:17\n    at validate (/var/www/nub_node/node_modules/mongoose/lib/schematype.js:784:7)\n    at /var/www/nub_node/node_modules/mongoose/lib/schematype.js:829:11\n    at Array.forEach (<anonymous>)\n    at SchemaString.SchemaType.doValidate (/var/www/nub_node/node_modules/mongoose/lib/schematype.js:789:19)\n    at /var/www/nub_node/node_modules/mongoose/lib/document.js:1545:9\n    at _combinedTickCallback (internal/process/next_tick.js:131:7)\n    at process._tickCallback (internal/process/next_tick.js:180:9)","name":"ValidationError","level":"error","label":"router/router.js","timestamp":"2018-03-05T07:54:41.982Z"}
{"level":"info","message":"Пользователь Roman добавленн в базу данных","label":"router/router.js","timestamp":"2018-03-05T07:54:41.982Z"}
{"level":"info","message":"MongoDb подключенна","label":"nub_node/server.js","timestamp":"2018-03-05T07:55:33.130Z"}
{"level":"info","message":"Сервер стартовал по порту - 8080 со своим ДЕМОНОМ!!","label":"nub_node/server.js","timestamp":"2018-03-05T07:55:33.166Z"}
{"level":"info","message":"Пользователь kate добавленн в базу данных","label":"router/router.js","timestamp":"2018-03-05T07:56:15.524Z"}
{"level":"info","message":"MongoDb подключенна","label":"nub_node/server.js","timestamp":"2018-03-05T07:57:50.340Z"}
{"level":"info","message":"Сервер стартовал по порту - 8080 со своим ДЕМОНОМ!!","label":"nub_node/server.js","timestamp":"2018-03-05T07:57:50.375Z"}
{"level":"info","message":"MongoDb подключенна","label":"nub_node/server.js","timestamp":"2018-03-05T08:16:27.434Z"}
{"level":"info","message":"Сервер стартовал по порту - 8080 со своим ДЕМОНОМ!!","label":"nub_node/server.js","timestamp":"2018-03-05T08:16:27.464Z"}
{"level":"info","message":"MongoDb подключенна","label":"nub_node/server.js","timestamp":"2018-03-05T08:18:43.525Z"}
{"level":"info","message":"Сервер стартовал по порту - 8080 со своим ДЕМОНОМ!!","label":"nub_node/server.js","timestamp":"2018-03-05T08:18:43.551Z"}
{"level":"info","message":"MongoDb подключенна","label":"nub_node/server.js","timestamp":"2018-03-05T08:20:19.095Z"}
{"level":"info","message":"Сервер стартовал по порту - 8080 со своим ДЕМОНОМ!!","label":"nub_node/server.js","timestamp":"2018-03-05T08:20:19.130Z"}
{"level":"info","message":"MongoDb подключенна","label":"nub_node/server.js","timestamp":"2018-03-05T08:28:54.399Z"}
{"level":"info","message":"Сервер стартовал по порту - 8080 со своим ДЕМОНОМ!!","label":"nub_node/server.js","timestamp":"2018-03-05T08:28:54.418Z"}
{"level":"info","message":"MongoDb подключенна","label":"nub_node/server.js","timestamp":"2018-03-05T08:31:53.967Z"}
{"level":"info","message":"Сервер стартовал по порту - 8080 со своим ДЕМОНОМ!!","label":"nub_node/server.js","timestamp":"2018-03-05T08:31:54.006Z"}
{"level":"info","message":"MongoDb подключенна","label":"nub_node/server.js","timestamp":"2018-03-05T08:34:55.673Z"}
{"level":"info","message":"Сервер стартовал по порту - 8080 со своим ДЕМОНОМ!!","label":"nub_node/server.js","timestamp":"2018-03-05T08:34:55.708Z"}
{"level":"info","message":"MongoDb подключенна","label":"nub_node/server.js","timestamp":"2018-03-05T08:35:49.273Z"}
{"level":"info","message":"Сервер стартовал по порту - 8080 со своим ДЕМОНОМ!!","label":"nub_node/server.js","timestamp":"2018-03-05T08:35:49.307Z"}
{"level":"info","message":"MongoDb подключенна","label":"nub_node/server.js","timestamp":"2018-03-05T08:36:19.379Z"}
{"level":"info","message":"Сервер стартовал по порту - 8080 со своим ДЕМОНОМ!!","label":"nub_node/server.js","timestamp":"2018-03-05T08:36:19.413Z"}
{"level":"info","message":"MongoDb подключенна","label":"nub_node/server.js","timestamp":"2018-03-05T08:37:03.275Z"}
{"level":"info","message":"Сервер стартовал по порту - 8080 со своим ДЕМОНОМ!!","label":"nub_node/server.js","timestamp":"2018-03-05T08:37:03.310Z"}
{"level":"info","message":"MongoDb подключенна","label":"nub_node/server.js","timestamp":"2018-03-05T08:37:35.993Z"}
{"level":"info","message":"Сервер стартовал по порту - 8080 со своим ДЕМОНОМ!!","label":"nub_node/server.js","timestamp":"2018-03-05T08:37:36.028Z"}
{"level":"info","message":"MongoDb подключенна","label":"nub_node/server.js","timestamp":"2018-03-05T08:39:31.875Z"}
{"level":"info","message":"Сервер стартовал по порту - 8080 со своим ДЕМОНОМ!!","label":"nub_node/server.js","timestamp":"2018-03-05T08:39:31.894Z"}
{"level":"info","message":"MongoDb подключенна","label":"nub_node/server.js","timestamp":"2018-03-05T08:42:01.351Z"}
{"level":"info","message":"Сервер стартовал по порту - 8080 со своим ДЕМОНОМ!!","label":"nub_node/server.js","timestamp":"2018-03-05T08:42:01.370Z"}
{"level":"info","message":"MongoDb подключенна","label":"nub_node/server.js","timestamp":"2018-03-05T08:45:22.906Z"}
{"level":"info","message":"Сервер стартовал по порту - 8080 со своим ДЕМОНОМ!!","label":"nub_node/server.js","timestamp":"2018-03-05T08:45:22.952Z"}
{"level":"info","message":"MongoDb подключенна","label":"nub_node/server.js","timestamp":"2018-03-05T08:47:37.944Z"}
{"level":"info","message":"Сервер стартовал по порту - 8080 со своим ДЕМОНОМ!!","label":"nub_node/server.js","timestamp":"2018-03-05T08:47:37.969Z"}
{"level":"info","message":"MongoDb подключенна","label":"nub_node/server.js","timestamp":"2018-03-05T08:49:02.965Z"}
{"level":"info","message":"Сервер стартовал по порту - 8080 со своим ДЕМОНОМ!!","label":"nub_node/server.js","timestamp":"2018-03-05T08:49:02.985Z"}
{"level":"info","message":"MongoDb подключенна","label":"nub_node/server.js","timestamp":"2018-03-05T08:51:37.798Z"}
{"level":"info","message":"Сервер стартовал по порту - 8080 со своим ДЕМОНОМ!!","label":"nub_node/server.js","timestamp":"2018-03-05T08:51:37.820Z"}
{"level":"info","message":"MongoDb подключенна","label":"nub_node/server.js","timestamp":"2018-03-05T08:54:07.324Z"}
{"level":"info","message":"Сервер стартовал по порту - 8080 со своим ДЕМОНОМ!!","label":"nub_node/server.js","timestamp":"2018-03-05T08:54:07.344Z"}
{"level":"info","message":"MongoDb подключенна","label":"nub_node/server.js","timestamp":"2018-03-05T08:54:29.768Z"}
{"level":"info","message":"Сервер стартовал по порту - 8080 со своим ДЕМОНОМ!!","label":"nub_node/server.js","timestamp":"2018-03-05T08:54:29.787Z"}
{"level":"info","message":"MongoDb подключенна","label":"nub_node/server.js","timestamp":"2018-03-05T09:09:53.738Z"}
{"level":"info","message":"Сервер стартовал по порту - 8080 со своим ДЕМОНОМ!!","label":"nub_node/server.js","timestamp":"2018-03-05T09:09:53.758Z"}
{"level":"info","message":"MongoDb подключенна","label":"nub_node/server.js","timestamp":"2018-03-05T09:11:03.052Z"}
{"level":"info","message":"Сервер стартовал по порту - 8080 со своим ДЕМОНОМ!!","label":"nub_node/server.js","timestamp":"2018-03-05T09:11:03.071Z"}
{"level":"info","message":"MongoDb подключенна","label":"nub_node/server.js","timestamp":"2018-03-05T09:12:08.284Z"}
{"level":"info","message":"Сервер стартовал по порту - 8080 со своим ДЕМОНОМ!!","label":"nub_node/server.js","timestamp":"2018-03-05T09:12:08.303Z"}
{"level":"info","message":"MongoDb подключенна","label":"nub_node/server.js","timestamp":"2018-03-05T09:19:40.404Z"}
{"level":"info","message":"Сервер стартовал по порту - 8080 со своим ДЕМОНОМ!!","label":"nub_node/server.js","timestamp":"2018-03-05T09:19:40.424Z"}
{"level":"info","message":"MongoDb подключенна","label":"nub_node/server.js","timestamp":"2018-03-05T09:20:01.884Z"}
{"level":"info","message":"Сервер стартовал по порту - 8080 со своим ДЕМОНОМ!!","label":"nub_node/server.js","timestamp":"2018-03-05T09:20:01.903Z"}
{"level":"info","message":"MongoDb подключенна","label":"nub_node/server.js","timestamp":"2018-03-05T09:20:04.208Z"}
{"level":"info","message":"Сервер стартовал по порту - 8080 со своим ДЕМОНОМ!!","label":"nub_node/server.js","timestamp":"2018-03-05T09:20:04.227Z"}
{"level":"info","message":"MongoDb подключенна","label":"nub_node/server.js","timestamp":"2018-03-05T09:20:34.632Z"}
{"level":"info","message":"Сервер стартовал по порту - 8080 со своим ДЕМОНОМ!!","label":"nub_node/server.js","timestamp":"2018-03-05T09:20:34.651Z"}
{"level":"info","message":"MongoDb подключенна","label":"nub_node/server.js","timestamp":"2018-03-05T09:21:31.156Z"}
{"level":"info","message":"Сервер стартовал по порту - 8080 со своим ДЕМОНОМ!!","label":"nub_node/server.js","timestamp":"2018-03-05T09:21:31.176Z"}
{"level":"info","message":"MongoDb подключенна","label":"nub_node/server.js","timestamp":"2018-03-05T09:22:24.286Z"}
{"level":"info","message":"Сервер стартовал по порту - 8080 со своим ДЕМОНОМ!!","label":"nub_node/server.js","timestamp":"2018-03-05T09:22:24.305Z"}
{"level":"info","message":"MongoDb подключенна","label":"nub_node/server.js","timestamp":"2018-03-05T09:22:53.680Z"}
{"level":"info","message":"Сервер стартовал по порту - 8080 со своим ДЕМОНОМ!!","label":"nub_node/server.js","timestamp":"2018-03-05T09:22:53.701Z"}
{"level":"info","message":"MongoDb подключенна","label":"nub_node/server.js","timestamp":"2018-03-05T09:23:07.965Z"}
{"level":"info","message":"Сервер стартовал по порту - 8080 со своим ДЕМОНОМ!!","label":"nub_node/server.js","timestamp":"2018-03-05T09:23:07.999Z"}
{"level":"info","message":"MongoDb подключенна","label":"nub_node/server.js","timestamp":"2018-03-05T09:23:19.918Z"}
{"level":"info","message":"Сервер стартовал по порту - 8080 со своим ДЕМОНОМ!!","label":"nub_node/server.js","timestamp":"2018-03-05T09:23:19.938Z"}
{"level":"info","message":"MongoDb подключенна","label":"nub_node/server.js","timestamp":"2018-03-05T09:25:00.694Z"}
{"level":"info","message":"Сервер стартовал по порту - 8080 со своим ДЕМОНОМ!!","label":"nub_node/server.js","timestamp":"2018-03-05T09:25:00.713Z"}
{"level":"info","message":"MongoDb подключенна","label":"nub_node/server.js","timestamp":"2018-03-05T09:25:23.777Z"}
{"level":"info","message":"Сервер стартовал по порту - 8080 со своим ДЕМОНОМ!!","label":"nub_node/server.js","timestamp":"2018-03-05T09:25:23.796Z"}
{"level":"info","message":"MongoDb подключенна","label":"nub_node/server.js","timestamp":"2018-03-05T09:31:54.189Z"}
{"level":"info","message":"Сервер стартовал по порту - 8080 со своим ДЕМОНОМ!!","label":"nub_node/server.js","timestamp":"2018-03-05T09:31:54.246Z"}
{"level":"info","message":"MongoDb подключенна","label":"nub_node/server.js","timestamp":"2018-03-05T09:32:05.306Z"}
{"level":"info","message":"Сервер стартовал по порту - 8080 со своим ДЕМОНОМ!!","label":"nub_node/server.js","timestamp":"2018-03-05T09:32:05.339Z"}
{"level":"info","message":"MongoDb подключенна","label":"nub_node/server.js","timestamp":"2018-03-05T09:32:08.119Z"}
{"level":"info","message":"Сервер стартовал по порту - 8080 со своим ДЕМОНОМ!!","label":"nub_node/server.js","timestamp":"2018-03-05T09:32:08.152Z"}
{"level":"info","message":"MongoDb подключенна","label":"nub_node/server.js","timestamp":"2018-03-05T09:32:41.113Z"}
{"level":"info","message":"Сервер стартовал по порту - 8080 со своим ДЕМОНОМ!!","label":"nub_node/server.js","timestamp":"2018-03-05T09:32:41.151Z"}
{"level":"info","message":"MongoDb подключенна","label":"nub_node/server.js","timestamp":"2018-03-05T09:32:45.163Z"}
{"level":"info","message":"Сервер стартовал по порту - 8080 со своим ДЕМОНОМ!!","label":"nub_node/server.js","timestamp":"2018-03-05T09:32:45.196Z"}
{"level":"info","message":"MongoDb подключенна","label":"nub_node/server.js","timestamp":"2018-03-05T09:37:33.030Z"}
{"level":"info","message":"Сервер стартовал по порту - 8080 со своим ДЕМОНОМ!!","label":"nub_node/server.js","timestamp":"2018-03-05T09:37:33.063Z"}
{"level":"info","message":"MongoDb подключенна","label":"nub_node/server.js","timestamp":"2018-03-05T09:37:57.083Z"}
{"level":"info","message":"Сервер стартовал по порту - 8080 со своим ДЕМОНОМ!!","label":"nub_node/server.js","timestamp":"2018-03-05T09:37:57.116Z"}
{"level":"info","message":"MongoDb подключенна","label":"nub_node/server.js","timestamp":"2018-03-05T09:39:00.599Z"}
{"level":"info","message":"Сервер стартовал по порту - 8080 со своим ДЕМОНОМ!!","label":"nub_node/server.js","timestamp":"2018-03-05T09:39:00.632Z"}
{"level":"info","message":"MongoDb подключенна","label":"nub_node/server.js","timestamp":"2018-03-05T09:40:30.209Z"}
{"level":"info","message":"Сервер стартовал по порту - 8080 со своим ДЕМОНОМ!!","label":"nub_node/server.js","timestamp":"2018-03-05T09:40:30.242Z"}
{"level":"info","message":"MongoDb подключенна","label":"nub_node/server.js","timestamp":"2018-03-05T09:40:44.247Z"}
{"level":"info","message":"Сервер стартовал по порту - 8080 со своим ДЕМОНОМ!!","label":"nub_node/server.js","timestamp":"2018-03-05T09:40:44.281Z"}
{"level":"info","message":"MongoDb подключенна","label":"nub_node/server.js","timestamp":"2018-03-05T09:40:52.257Z"}
{"level":"info","message":"Сервер стартовал по порту - 8080 со своим ДЕМОНОМ!!","label":"nub_node/server.js","timestamp":"2018-03-05T09:40:52.291Z"}
{"level":"info","message":"MongoDb подключенна","label":"nub_node/server.js","timestamp":"2018-03-05T09:44:07.372Z"}
{"level":"info","message":"Сервер стартовал по порту - 8080 со своим ДЕМОНОМ!!","label":"nub_node/server.js","timestamp":"2018-03-05T09:44:07.406Z"}
{"level":"info","message":"MongoDb подключенна","label":"nub_node/server.js","timestamp":"2018-03-05T09:44:12.229Z"}
{"level":"info","message":"Сервер стартовал по порту - 8080 со своим ДЕМОНОМ!!","label":"nub_node/server.js","timestamp":"2018-03-05T09:44:12.263Z"}
{"level":"info","message":"MongoDb подключенна","label":"nub_node/server.js","timestamp":"2018-03-05T09:44:51.495Z"}
{"level":"info","message":"Сервер стартовал по порту - 8080 со своим ДЕМОНОМ!!","label":"nub_node/server.js","timestamp":"2018-03-05T09:44:51.528Z"}
{"level":"info","message":"MongoDb подключенна","label":"nub_node/server.js","timestamp":"2018-03-05T09:45:45.337Z"}
{"level":"info","message":"Сервер стартовал по порту - 8080 со своим ДЕМОНОМ!!","label":"nub_node/server.js","timestamp":"2018-03-05T09:45:45.370Z"}
{"level":"info","message":"MongoDb подключенна","label":"nub_node/server.js","timestamp":"2018-03-05T09:46:52.457Z"}
{"level":"info","message":"Сервер стартовал по порту - 8080 со своим ДЕМОНОМ!!","label":"nub_node/server.js","timestamp":"2018-03-05T09:46:52.492Z"}
{"level":"info","message":"MongoDb подключенна","label":"nub_node/server.js","timestamp":"2018-03-05T09:47:14.490Z"}
{"level":"info","message":"Сервер стартовал по порту - 8080 со своим ДЕМОНОМ!!","label":"nub_node/server.js","timestamp":"2018-03-05T09:47:14.524Z"}
{"level":"info","message":"MongoDb подключенна","label":"nub_node/server.js","timestamp":"2018-03-05T09:48:06.195Z"}
{"level":"info","message":"Сервер стартовал по порту - 8080 со своим ДЕМОНОМ!!","label":"nub_node/server.js","timestamp":"2018-03-05T09:48:06.228Z"}
{"level":"info","message":"MongoDb подключенна","label":"nub_node/server.js","timestamp":"2018-03-05T09:49:30.421Z"}
{"level":"info","message":"Сервер стартовал по порту - 8080 со своим ДЕМОНОМ!!","label":"nub_node/server.js","timestamp":"2018-03-05T09:49:30.454Z"}
{"level":"info","message":"MongoDb подключенна","label":"nub_node/server.js","timestamp":"2018-03-05T09:58:41.405Z"}
{"level":"info","message":"Сервер стартовал по порту - 8080 со своим ДЕМОНОМ!!","label":"nub_node/server.js","timestamp":"2018-03-05T09:58:41.441Z"}
{"level":"info","message":"MongoDb подключенна","label":"nub_node/server.js","timestamp":"2018-03-05T10:02:52.671Z"}
{"level":"info","message":"Сервер стартовал по порту - 8080 со своим ДЕМОНОМ!!","label":"nub_node/server.js","timestamp":"2018-03-05T10:02:52.691Z"}
{"level":"info","message":"MongoDb подключенна","label":"nub_node/server.js","timestamp":"2018-03-05T10:03:01.496Z"}
{"level":"info","message":"Сервер стартовал по порту - 8080 со своим ДЕМОНОМ!!","label":"nub_node/server.js","timestamp":"2018-03-05T10:03:01.515Z"}
{"level":"info","message":"MongoDb подключенна","label":"nub_node/server.js","timestamp":"2018-03-05T10:03:49.771Z"}
{"level":"info","message":"Сервер стартовал по порту - 8080 со своим ДЕМОНОМ!!","label":"nub_node/server.js","timestamp":"2018-03-05T10:03:49.791Z"}
{"level":"info","message":"MongoDb подключенна","label":"nub_node/server.js","timestamp":"2018-03-05T10:05:34.177Z"}
{"level":"info","message":"Сервер стартовал по порту - 8080 со своим ДЕМОНОМ!!","label":"nub_node/server.js","timestamp":"2018-03-05T10:05:34.211Z"}
{"level":"info","message":"MongoDb подключенна","label":"nub_node/server.js","timestamp":"2018-03-05T10:06:01.125Z"}
{"level":"info","message":"Сервер стартовал по порту - 8080 со своим ДЕМОНОМ!!","label":"nub_node/server.js","timestamp":"2018-03-05T10:06:01.160Z"}
{"level":"info","message":"MongoDb подключенна","label":"nub_node/server.js","timestamp":"2018-03-05T10:34:50.741Z"}
{"level":"info","message":"Сервер стартовал по порту - 8080 со своим ДЕМОНОМ!!","label":"nub_node/server.js","timestamp":"2018-03-05T10:34:50.773Z"}
{"level":"info","message":"MongoDb подключенна","label":"nub_node/server.js","timestamp":"2018-03-05T10:39:08.490Z"}
{"level":"info","message":"Сервер стартовал по порту - 8080 со своим ДЕМОНОМ!!","label":"nub_node/server.js","timestamp":"2018-03-05T10:39:08.524Z"}
{"level":"info","message":"MongoDb подключенна","label":"nub_node/server.js","timestamp":"2018-03-05T10:39:15.308Z"}
{"level":"info","message":"Сервер стартовал по порту - 8080 со своим ДЕМОНОМ!!","label":"nub_node/server.js","timestamp":"2018-03-05T10:39:15.343Z"}
{"level":"info","message":"MongoDb подключенна","label":"nub_node/server.js","timestamp":"2018-03-05T10:39:45.634Z"}
{"level":"info","message":"Сервер стартовал по порту - 8080 со своим ДЕМОНОМ!!","label":"nub_node/server.js","timestamp":"2018-03-05T10:39:45.667Z"}
{"level":"info","message":"MongoDb подключенна","label":"nub_node/server.js","timestamp":"2018-03-05T10:40:49.263Z"}
{"level":"info","message":"Сервер стартовал по порту - 8080 со своим ДЕМОНОМ!!","label":"nub_node/server.js","timestamp":"2018-03-05T10:40:49.303Z"}
{"level":"info","message":"MongoDb подключенна","label":"nub_node/server.js","timestamp":"2018-03-05T10:41:55.626Z"}
{"level":"info","message":"Сервер стартовал по порту - 8080 со своим ДЕМОНОМ!!","label":"nub_node/server.js","timestamp":"2018-03-05T10:41:55.660Z"}
{"level":"info","message":"MongoDb подключенна","label":"nub_node/server.js","timestamp":"2018-03-05T10:42:21.775Z"}
{"level":"info","message":"Сервер стартовал по порту - 8080 со своим ДЕМОНОМ!!","label":"nub_node/server.js","timestamp":"2018-03-05T10:42:21.808Z"}
{"level":"info","message":"MongoDb подключенна","label":"nub_node/server.js","timestamp":"2018-03-05T10:45:04.478Z"}
{"level":"info","message":"Сервер стартовал по порту - 8080 со своим ДЕМОНОМ!!","label":"nub_node/server.js","timestamp":"2018-03-05T10:45:04.510Z"}
{"level":"info","message":"MongoDb подключенна","label":"nub_node/server.js","timestamp":"2018-03-05T10:45:33.639Z"}
{"level":"info","message":"Сервер стартовал по порту - 8080 со своим ДЕМОНОМ!!","label":"nub_node/server.js","timestamp":"2018-03-05T10:45:33.674Z"}
{"level":"info","message":"MongoDb подключенна","label":"nub_node/server.js","timestamp":"2018-03-05T10:45:57.626Z"}
{"level":"info","message":"Сервер стартовал по порту - 8080 со своим ДЕМОНОМ!!","label":"nub_node/server.js","timestamp":"2018-03-05T10:45:57.659Z"}
{"level":"info","message":"MongoDb подключенна","label":"nub_node/server.js","timestamp":"2018-03-05T10:46:16.241Z"}
{"level":"info","message":"Сервер стартовал по порту - 8080 со своим ДЕМОНОМ!!","label":"nub_node/server.js","timestamp":"2018-03-05T10:46:16.275Z"}
{"level":"info","message":"MongoDb подключенна","label":"nub_node/server.js","timestamp":"2018-03-05T10:46:57.865Z"}
{"level":"info","message":"Сервер стартовал по порту - 8080 со своим ДЕМОНОМ!!","label":"nub_node/server.js","timestamp":"2018-03-05T10:46:57.898Z"}
{"level":"info","message":"MongoDb подключенна","label":"nub_node/server.js","timestamp":"2018-03-05T10:47:35.670Z"}
{"level":"info","message":"Сервер стартовал по порту - 8080 со своим ДЕМОНОМ!!","label":"nub_node/server.js","timestamp":"2018-03-05T10:47:35.703Z"}
{"level":"info","message":"MongoDb подключенна","label":"nub_node/server.js","timestamp":"2018-03-05T10:47:41.857Z"}
{"level":"info","message":"Сервер стартовал по порту - 8080 со своим ДЕМОНОМ!!","label":"nub_node/server.js","timestamp":"2018-03-05T10:47:41.890Z"}
{"level":"info","message":"MongoDb подключенна","label":"nub_node/server.js","timestamp":"2018-03-05T10:47:51.252Z"}
{"level":"info","message":"Сервер стартовал по порту - 8080 со своим ДЕМОНОМ!!","label":"nub_node/server.js","timestamp":"2018-03-05T10:47:51.288Z"}
{"level":"info","message":"MongoDb подключенна","label":"nub_node/server.js","timestamp":"2018-03-05T10:47:53.553Z"}
{"level":"info","message":"Сервер стартовал по порту - 8080 со своим ДЕМОНОМ!!","label":"nub_node/server.js","timestamp":"2018-03-05T10:47:53.587Z"}
{"level":"info","message":"MongoDb подключенна","label":"nub_node/server.js","timestamp":"2018-03-05T10:48:17.807Z"}
{"level":"info","message":"Сервер стартовал по порту - 8080 со своим ДЕМОНОМ!!","label":"nub_node/server.js","timestamp":"2018-03-05T10:48:17.840Z"}
{"level":"info","message":"MongoDb подключенна","label":"nub_node/server.js","timestamp":"2018-03-05T11:03:13.900Z"}
{"level":"info","message":"Сервер стартовал по порту - 8080 со своим ДЕМОНОМ!!","label":"nub_node/server.js","timestamp":"2018-03-05T11:03:13.946Z"}
{"level":"info","message":"MongoDb подключенна","label":"nub_node/server.js","timestamp":"2018-03-05T11:03:44.497Z"}
{"level":"info","message":"Сервер стартовал по порту - 8080 со своим ДЕМОНОМ!!","label":"nub_node/server.js","timestamp":"2018-03-05T11:03:44.517Z"}
{"level":"info","message":"MongoDb подключенна","label":"nub_node/server.js","timestamp":"2018-03-05T11:03:59.399Z"}
{"level":"info","message":"Сервер стартовал по порту - 8080 со своим ДЕМОНОМ!!","label":"nub_node/server.js","timestamp":"2018-03-05T11:03:59.419Z"}
{"level":"info","message":"MongoDb подключенна","label":"nub_node/server.js","timestamp":"2018-03-05T11:05:13.054Z"}
{"level":"info","message":"Сервер стартовал по порту - 8080 со своим ДЕМОНОМ!!","label":"nub_node/server.js","timestamp":"2018-03-05T11:05:13.074Z"}
{"level":"info","message":"MongoDb подключенна","label":"nub_node/server.js","timestamp":"2018-03-05T11:05:23.421Z"}
{"level":"info","message":"Сервер стартовал по порту - 8080 со своим ДЕМОНОМ!!","label":"nub_node/server.js","timestamp":"2018-03-05T11:05:23.440Z"}
{"level":"info","message":"MongoDb подключенна","label":"nub_node/server.js","timestamp":"2018-03-05T11:05:39.733Z"}
{"level":"info","message":"Сервер стартовал по порту - 8080 со своим ДЕМОНОМ!!","label":"nub_node/server.js","timestamp":"2018-03-05T11:05:39.756Z"}
{"level":"info","message":"MongoDb подключенна","label":"nub_node/server.js","timestamp":"2018-03-05T11:06:09.770Z"}
{"level":"info","message":"Сервер стартовал по порту - 8080 со своим ДЕМОНОМ!!","label":"nub_node/server.js","timestamp":"2018-03-05T11:06:09.789Z"}
{"level":"info","message":"MongoDb подключенна","label":"nub_node/server.js","timestamp":"2018-03-05T11:06:30.492Z"}
{"level":"info","message":"Сервер стартовал по порту - 8080 со своим ДЕМОНОМ!!","label":"nub_node/server.js","timestamp":"2018-03-05T11:06:30.515Z"}
{"level":"info","message":"MongoDb подключенна","label":"nub_node/server.js","timestamp":"2018-03-05T11:07:40.790Z"}
{"level":"info","message":"Сервер стартовал по порту - 8080 со своим ДЕМОНОМ!!","label":"nub_node/server.js","timestamp":"2018-03-05T11:07:40.809Z"}
